INFO: Could not find files for the given pattern(s).
Warning in 'c:/IBECPostDocDrive/2024_01_16_NCvsKR/DataProcessingInference/ComputationalBayesianOED/tmp/PyrCompReprFP_OED3_Try1.stan', line 3, column 3: Declaration
    of arrays by placing brackets after a type is deprecated and will be
    removed in Stan 2.32.0. Instead use the array keyword before the type.
    This can be changed automatically using the auto-format flag to stanc
Warning in 'c:/IBECPostDocDrive/2024_01_16_NCvsKR/DataProcessingInference/ComputationalBayesianOED/tmp/PyrCompReprFP_OED3_Try1.stan', line 3, column 39: Declaration
    of arrays by placing brackets after a type is deprecated and will be
    removed in Stan 2.32.0. Instead use the array keyword before the type.
    This can be changed automatically using the auto-format flag to stanc
Warning in 'c:/IBECPostDocDrive/2024_01_16_NCvsKR/DataProcessingInference/ComputationalBayesianOED/tmp/PyrCompReprFP_OED3_Try1.stan', line 3, column 49: Declaration
    of arrays by placing brackets after a type is deprecated and will be
    removed in Stan 2.32.0. Instead use the array keyword before the type.
    This can be changed automatically using the auto-format flag to stanc
Warning in 'c:/IBECPostDocDrive/2024_01_16_NCvsKR/DataProcessingInference/ComputationalBayesianOED/tmp/PyrCompReprFP_OED3_Try1.stan', line 3, column 59: Declaration
    of arrays by placing brackets after a type is deprecated and will be
    removed in Stan 2.32.0. Instead use the array keyword before the type.
    This can be changed automatically using the auto-format flag to stanc
Warning in 'c:/IBECPostDocDrive/2024_01_16_NCvsKR/DataProcessingInference/ComputationalBayesianOED/tmp/PyrCompReprFP_OED3_Try1.stan', line 3, column 71: Declaration
    of arrays by placing brackets after a type is deprecated and will be
    removed in Stan 2.32.0. Instead use the array keyword before the type.
    This can be changed automatically using the auto-format flag to stanc
Warning in 'c:/IBECPostDocDrive/2024_01_16_NCvsKR/DataProcessingInference/ComputationalBayesianOED/tmp/PyrCompReprFP_OED3_Try1.stan', line 21, column 6: Declaration
    of arrays by placing brackets after a variable name is deprecated and
    will be removed in Stan 2.32.0. Instead use the array keyword before the
    type. This can be changed automatically using the auto-format flag to
    stanc
Warning in 'c:/IBECPostDocDrive/2024_01_16_NCvsKR/DataProcessingInference/ComputationalBayesianOED/tmp/PyrCompReprFP_OED3_Try1.stan', line 58, column 46: Declaration
    of arrays by placing brackets after a type is deprecated and will be
    removed in Stan 2.32.0. Instead use the array keyword before the type.
    This can be changed automatically using the auto-format flag to stanc
Warning in 'c:/IBECPostDocDrive/2024_01_16_NCvsKR/DataProcessingInference/ComputationalBayesianOED/tmp/PyrCompReprFP_OED3_Try1.stan', line 58, column 58: Declaration
    of arrays by placing brackets after a type is deprecated and will be
    removed in Stan 2.32.0. Instead use the array keyword before the type.
    This can be changed automatically using the auto-format flag to stanc
Warning in 'c:/IBECPostDocDrive/2024_01_16_NCvsKR/DataProcessingInference/ComputationalBayesianOED/tmp/PyrCompReprFP_OED3_Try1.stan', line 178, column 29: integrate_ode_bdf
    is deprecated and will be removed in Stan 3.0. Use ode_bdf instead. 
    The new interface is slightly different, see:
    https://mc-stan.org/users/documentation/case-studies/convert_odes.html
