INFO: Could not find files for the given pattern(s).
Warning in 'c:/IBECPostDocDrive/2024_01_16_NCvsKR/DataProcessingInference/BayesianInference/tmp/PyrTransport.stan', line 3, column 4: Declaration
    of arrays by placing brackets after a type is deprecated and will be
    removed in Stan 2.32.0. Instead use the array keyword before the type.
    This can be changed automatically using the auto-format flag to stanc
Warning in 'c:/IBECPostDocDrive/2024_01_16_NCvsKR/DataProcessingInference/BayesianInference/tmp/PyrTransport.stan', line 3, column 40: Declaration
    of arrays by placing brackets after a type is deprecated and will be
    removed in Stan 2.32.0. Instead use the array keyword before the type.
    This can be changed automatically using the auto-format flag to stanc
Warning in 'c:/IBECPostDocDrive/2024_01_16_NCvsKR/DataProcessingInference/BayesianInference/tmp/PyrTransport.stan', line 3, column 50: Declaration
    of arrays by placing brackets after a type is deprecated and will be
    removed in Stan 2.32.0. Instead use the array keyword before the type.
    This can be changed automatically using the auto-format flag to stanc
Warning in 'c:/IBECPostDocDrive/2024_01_16_NCvsKR/DataProcessingInference/BayesianInference/tmp/PyrTransport.stan', line 3, column 60: Declaration
    of arrays by placing brackets after a type is deprecated and will be
    removed in Stan 2.32.0. Instead use the array keyword before the type.
    This can be changed automatically using the auto-format flag to stanc
Warning in 'c:/IBECPostDocDrive/2024_01_16_NCvsKR/DataProcessingInference/BayesianInference/tmp/PyrTransport.stan', line 3, column 72: Declaration
    of arrays by placing brackets after a type is deprecated and will be
    removed in Stan 2.32.0. Instead use the array keyword before the type.
    This can be changed automatically using the auto-format flag to stanc
Warning in 'c:/IBECPostDocDrive/2024_01_16_NCvsKR/DataProcessingInference/BayesianInference/tmp/PyrTransport.stan', line 13, column 6: Declaration
    of arrays by placing brackets after a variable name is deprecated and
    will be removed in Stan 2.32.0. Instead use the array keyword before the
    type. This can be changed automatically using the auto-format flag to
    stanc
Warning in 'c:/IBECPostDocDrive/2024_01_16_NCvsKR/DataProcessingInference/BayesianInference/tmp/PyrTransport.stan', line 28, column 3: Declaration
    of arrays by placing brackets after a type is deprecated and will be
    removed in Stan 2.32.0. Instead use the array keyword before the type.
    This can be changed automatically using the auto-format flag to stanc
Warning in 'c:/IBECPostDocDrive/2024_01_16_NCvsKR/DataProcessingInference/BayesianInference/tmp/PyrTransport.stan', line 28, column 39: Declaration
    of arrays by placing brackets after a type is deprecated and will be
    removed in Stan 2.32.0. Instead use the array keyword before the type.
    This can be changed automatically using the auto-format flag to stanc
Warning in 'c:/IBECPostDocDrive/2024_01_16_NCvsKR/DataProcessingInference/BayesianInference/tmp/PyrTransport.stan', line 28, column 49: Declaration
    of arrays by placing brackets after a type is deprecated and will be
    removed in Stan 2.32.0. Instead use the array keyword before the type.
    This can be changed automatically using the auto-format flag to stanc
Warning in 'c:/IBECPostDocDrive/2024_01_16_NCvsKR/DataProcessingInference/BayesianInference/tmp/PyrTransport.stan', line 28, column 59: Declaration
    of arrays by placing brackets after a type is deprecated and will be
    removed in Stan 2.32.0. Instead use the array keyword before the type.
    This can be changed automatically using the auto-format flag to stanc
Warning in 'c:/IBECPostDocDrive/2024_01_16_NCvsKR/DataProcessingInference/BayesianInference/tmp/PyrTransport.stan', line 28, column 71: Declaration
    of arrays by placing brackets after a type is deprecated and will be
    removed in Stan 2.32.0. Instead use the array keyword before the type.
    This can be changed automatically using the auto-format flag to stanc
Warning in 'c:/IBECPostDocDrive/2024_01_16_NCvsKR/DataProcessingInference/BayesianInference/tmp/PyrTransport.stan', line 38, column 6: Declaration
    of arrays by placing brackets after a variable name is deprecated and
    will be removed in Stan 2.32.0. Instead use the array keyword before the
    type. This can be changed automatically using the auto-format flag to
    stanc
Warning in 'c:/IBECPostDocDrive/2024_01_16_NCvsKR/DataProcessingInference/BayesianInference/tmp/PyrTransport.stan', line 53, column 4: Declaration
    of arrays by placing brackets after a type is deprecated and will be
    removed in Stan 2.32.0. Instead use the array keyword before the type.
    This can be changed automatically using the auto-format flag to stanc
Warning in 'c:/IBECPostDocDrive/2024_01_16_NCvsKR/DataProcessingInference/BayesianInference/tmp/PyrTransport.stan', line 53, column 40: Declaration
    of arrays by placing brackets after a type is deprecated and will be
    removed in Stan 2.32.0. Instead use the array keyword before the type.
    This can be changed automatically using the auto-format flag to stanc
Warning in 'c:/IBECPostDocDrive/2024_01_16_NCvsKR/DataProcessingInference/BayesianInference/tmp/PyrTransport.stan', line 53, column 50: Declaration
    of arrays by placing brackets after a type is deprecated and will be
    removed in Stan 2.32.0. Instead use the array keyword before the type.
    This can be changed automatically using the auto-format flag to stanc
Warning in 'c:/IBECPostDocDrive/2024_01_16_NCvsKR/DataProcessingInference/BayesianInference/tmp/PyrTransport.stan', line 53, column 60: Declaration
    of arrays by placing brackets after a type is deprecated and will be
    removed in Stan 2.32.0. Instead use the array keyword before the type.
    This can be changed automatically using the auto-format flag to stanc
Warning in 'c:/IBECPostDocDrive/2024_01_16_NCvsKR/DataProcessingInference/BayesianInference/tmp/PyrTransport.stan', line 53, column 72: Declaration
    of arrays by placing brackets after a type is deprecated and will be
    removed in Stan 2.32.0. Instead use the array keyword before the type.
    This can be changed automatically using the auto-format flag to stanc
Warning in 'c:/IBECPostDocDrive/2024_01_16_NCvsKR/DataProcessingInference/BayesianInference/tmp/PyrTransport.stan', line 63, column 6: Declaration
    of arrays by placing brackets after a variable name is deprecated and
    will be removed in Stan 2.32.0. Instead use the array keyword before the
    type. This can be changed automatically using the auto-format flag to
    stanc
Warning in 'c:/IBECPostDocDrive/2024_01_16_NCvsKR/DataProcessingInference/BayesianInference/tmp/PyrTransport.stan', line 78, column 46: Declaration
    of arrays by placing brackets after a type is deprecated and will be
    removed in Stan 2.32.0. Instead use the array keyword before the type.
    This can be changed automatically using the auto-format flag to stanc
Warning in 'c:/IBECPostDocDrive/2024_01_16_NCvsKR/DataProcessingInference/BayesianInference/tmp/PyrTransport.stan', line 78, column 58: Declaration
    of arrays by placing brackets after a type is deprecated and will be
    removed in Stan 2.32.0. Instead use the array keyword before the type.
    This can be changed automatically using the auto-format flag to stanc
Warning in 'c:/IBECPostDocDrive/2024_01_16_NCvsKR/DataProcessingInference/BayesianInference/tmp/PyrTransport.stan', line 186, column 32: integrate_ode_bdf
    is deprecated and will be removed in Stan 3.0. Use ode_bdf instead. 
    The new interface is slightly different, see:
    https://mc-stan.org/users/documentation/case-studies/convert_odes.html
Warning in 'c:/IBECPostDocDrive/2024_01_16_NCvsKR/DataProcessingInference/BayesianInference/tmp/PyrTransport.stan', line 189, column 32: integrate_ode_bdf
    is deprecated and will be removed in Stan 3.0. Use ode_bdf instead. 
    The new interface is slightly different, see:
    https://mc-stan.org/users/documentation/case-studies/convert_odes.html
Warning in 'c:/IBECPostDocDrive/2024_01_16_NCvsKR/DataProcessingInference/BayesianInference/tmp/PyrTransport.stan', line 192, column 32: integrate_ode_bdf
    is deprecated and will be removed in Stan 3.0. Use ode_bdf instead. 
    The new interface is slightly different, see:
    https://mc-stan.org/users/documentation/case-studies/convert_odes.html
